<?xml version="1.0" encoding="UTF-8"?>
<!-- Generated by org.testng.reporters.JUnitReportReporter -->
<testsuite hostname="DESKTOP-9OTVNOD" name="sample.Google" tests="1" failures="0" timestamp="10 Jan 2022 00:56:06 GMT" time="6.464" errors="0">
  <testcase name="test" time="6.464" classname="sample.Google"/>
</testsuite> <!-- sample.Google -->
